mode: set
fileproc/cmd/ticketgen/main.go:60.13,62.16 2 0
fileproc/cmd/ticketgen/main.go:62.16,63.24 1 0
fileproc/cmd/ticketgen/main.go:63.24,65.4 1 0
fileproc/cmd/ticketgen/main.go:67.3,68.13 2 0
fileproc/cmd/ticketgen/main.go:71.2,72.19 2 0
fileproc/cmd/ticketgen/main.go:72.19,75.3 2 0
fileproc/cmd/ticketgen/main.go:78.28,79.21 1 0
fileproc/cmd/ticketgen/main.go:79.21,81.3 1 0
fileproc/cmd/ticketgen/main.go:83.2,83.23 1 0
fileproc/cmd/ticketgen/main.go:83.23,85.3 1 0
fileproc/cmd/ticketgen/main.go:87.2,88.21 2 0
fileproc/cmd/ticketgen/main.go:88.21,90.3 1 0
fileproc/cmd/ticketgen/main.go:92.2,100.37 5 0
fileproc/cmd/ticketgen/main.go:100.37,102.22 2 0
fileproc/cmd/ticketgen/main.go:102.22,104.4 1 0
fileproc/cmd/ticketgen/main.go:106.3,109.23 3 0
fileproc/cmd/ticketgen/main.go:109.23,111.24 2 0
fileproc/cmd/ticketgen/main.go:111.24,113.5 1 0
fileproc/cmd/ticketgen/main.go:117.2,120.31 3 0
fileproc/cmd/ticketgen/main.go:120.31,122.3 1 0
fileproc/cmd/ticketgen/main.go:124.2,129.12 5 0
fileproc/cmd/ticketgen/main.go:132.87,141.37 6 0
fileproc/cmd/ticketgen/main.go:141.37,143.20 2 0
fileproc/cmd/ticketgen/main.go:143.20,145.4 1 0
fileproc/cmd/ticketgen/main.go:147.3,147.41 1 0
fileproc/cmd/ticketgen/main.go:147.41,149.23 2 0
fileproc/cmd/ticketgen/main.go:149.23,151.5 1 0
fileproc/cmd/ticketgen/main.go:153.4,153.37 1 0
fileproc/cmd/ticketgen/main.go:156.3,163.22 6 0
fileproc/cmd/ticketgen/main.go:163.22,165.4 1 0
fileproc/cmd/ticketgen/main.go:167.3,168.72 2 0
fileproc/cmd/ticketgen/main.go:168.72,170.40 2 0
fileproc/cmd/ticketgen/main.go:170.40,174.5 2 0
fileproc/cmd/ticketgen/main.go:178.2,178.12 1 0
fileproc/cmd/ticketgen/main.go:181.82,182.18 1 0
fileproc/cmd/ticketgen/main.go:182.18,184.3 1 0
fileproc/cmd/ticketgen/main.go:186.2,186.41 1 0
fileproc/cmd/ticketgen/main.go:186.41,188.3 1 0
fileproc/cmd/ticketgen/main.go:190.2,195.24 5 0
fileproc/cmd/ticketgen/main.go:198.44,202.15 2 0
fileproc/cmd/ticketgen/main.go:202.15,204.3 1 0
fileproc/cmd/ticketgen/main.go:206.2,206.13 1 0
fileproc/cmd/ticketgen/main.go:209.50,211.2 1 0
fileproc/cmd/ticketgen/main.go:213.67,214.21 1 0
fileproc/cmd/ticketgen/main.go:215.18,216.23 1 0
fileproc/cmd/ticketgen/main.go:218.21,220.16 2 0
fileproc/cmd/ticketgen/main.go:220.16,223.17 2 0
fileproc/cmd/ticketgen/main.go:223.17,225.5 1 0
fileproc/cmd/ticketgen/main.go:227.4,227.29 1 0
fileproc/cmd/ticketgen/main.go:230.3,233.23 3 0
fileproc/cmd/ticketgen/main.go:233.23,235.4 1 0
fileproc/cmd/ticketgen/main.go:237.3,239.41 2 0
fileproc/cmd/ticketgen/main.go:239.41,241.4 1 0
fileproc/cmd/ticketgen/main.go:243.3,244.45 2 0
fileproc/cmd/ticketgen/main.go:244.45,246.4 1 0
fileproc/cmd/ticketgen/main.go:248.3,251.39 3 0
fileproc/cmd/ticketgen/main.go:251.39,253.4 1 0
fileproc/cmd/ticketgen/main.go:255.3,257.77 2 0
fileproc/cmd/ticketgen/main.go:259.18,262.16 2 0
fileproc/cmd/ticketgen/main.go:262.16,264.4 1 0
fileproc/cmd/ticketgen/main.go:266.3,268.23 2 0
fileproc/cmd/ticketgen/main.go:268.23,270.4 1 0
fileproc/cmd/ticketgen/main.go:272.3,277.23 5 0
fileproc/cmd/ticketgen/main.go:277.23,279.4 1 0
fileproc/cmd/ticketgen/main.go:281.3,284.41 3 0
fileproc/cmd/ticketgen/main.go:284.41,286.4 1 0
fileproc/cmd/ticketgen/main.go:288.3,289.45 2 0
fileproc/cmd/ticketgen/main.go:289.45,291.4 1 0
fileproc/cmd/ticketgen/main.go:293.3,298.39 5 0
fileproc/cmd/ticketgen/main.go:298.39,300.4 1 0
fileproc/cmd/ticketgen/main.go:302.3,302.37 1 0
fileproc/cmd/ticketgen/main.go:302.37,304.4 1 0
fileproc/cmd/ticketgen/main.go:306.3,309.119 3 0
fileproc/cmd/ticketgen/main.go:311.20,315.17 3 0
fileproc/cmd/ticketgen/main.go:315.17,317.4 1 0
fileproc/cmd/ticketgen/main.go:319.3,324.28 4 0
fileproc/cmd/ticketgen/main.go:324.28,328.4 3 0
fileproc/cmd/ticketgen/main.go:330.3,330.24 1 0
fileproc/cmd/ticketgen/main.go:332.10,333.59 1 0
fileproc/cmd/ticketgen/main.go:337.84,347.24 5 0
fileproc/cmd/ticketgen/main.go:348.9,349.18 1 0
fileproc/cmd/ticketgen/main.go:350.9,351.20 1 0
fileproc/cmd/ticketgen/main.go:352.10,353.21 1 0
fileproc/cmd/ticketgen/main.go:356.2,366.26 7 0
fileproc/cmd/ticketgen/main.go:366.26,368.19 2 0
fileproc/cmd/ticketgen/main.go:368.19,370.4 1 0
fileproc/cmd/ticketgen/main.go:372.3,375.38 3 0
fileproc/cmd/ticketgen/main.go:375.38,377.4 1 0
fileproc/cmd/ticketgen/main.go:379.3,379.36 1 0
fileproc/cmd/ticketgen/main.go:382.2,382.29 1 0
fileproc/cmd/ticketgen/main.go:382.29,386.3 3 0
fileproc/cmd/ticketgen/main.go:388.2,397.24 6 0
fileproc/cmd/ticketgen/main.go:397.24,399.19 2 0
fileproc/cmd/ticketgen/main.go:399.19,401.4 1 0
fileproc/cmd/ticketgen/main.go:403.3,406.38 3 0
fileproc/cmd/ticketgen/main.go:406.38,408.4 1 0
fileproc/cmd/ticketgen/main.go:410.3,410.37 1 0
fileproc/cmd/ticketgen/main.go:414.2,415.20 2 0
fileproc/cmd/ticketgen/main.go:415.20,417.19 2 0
fileproc/cmd/ticketgen/main.go:417.19,419.4 1 0
fileproc/cmd/ticketgen/main.go:421.3,423.21 2 0
fileproc/cmd/ticketgen/main.go:427.51,432.2 4 0
fileproc/cmd/ticketgen/main.go:436.54,437.17 1 0
fileproc/cmd/ticketgen/main.go:437.17,439.3 1 0
fileproc/cmd/ticketgen/main.go:441.2,446.19 4 0
fileproc/cmd/ticketgen/main.go:446.19,447.19 1 0
fileproc/cmd/ticketgen/main.go:447.19,450.4 2 0
fileproc/cmd/ticketgen/main.go:452.3,454.16 3 0
fileproc/cmd/ticketgen/main.go:457.2,457.20 1 0
fileproc/cmd/ticketgen/main.go:465.45,467.16 2 0
fileproc/cmd/ticketgen/main.go:467.16,469.3 1 0
fileproc/cmd/ticketgen/main.go:471.2,471.34 1 0
fileproc/cmd/ticketgen/main.go:474.38,482.2 6 0
fileproc/cmd/ticketgen/main.go:484.33,516.20 18 0
fileproc/cmd/ticketgen/main.go:516.20,520.14 3 0
fileproc/cmd/ticketgen/main.go:521.16,522.22 1 0
fileproc/cmd/ticketgen/main.go:522.22,524.5 1 0
fileproc/cmd/ticketgen/main.go:526.4,527.7 2 0
fileproc/cmd/ticketgen/main.go:529.18,530.22 1 0
fileproc/cmd/ticketgen/main.go:530.22,532.5 1 0
fileproc/cmd/ticketgen/main.go:534.4,535.18 2 0
fileproc/cmd/ticketgen/main.go:535.18,537.5 1 0
fileproc/cmd/ticketgen/main.go:539.4,541.7 3 0
fileproc/cmd/ticketgen/main.go:543.20,544.22 1 0
fileproc/cmd/ticketgen/main.go:544.22,546.5 1 0
fileproc/cmd/ticketgen/main.go:548.4,549.18 2 0
fileproc/cmd/ticketgen/main.go:549.18,551.5 1 0
fileproc/cmd/ticketgen/main.go:553.4,554.7 2 0
fileproc/cmd/ticketgen/main.go:556.16,557.22 1 0
fileproc/cmd/ticketgen/main.go:557.22,559.5 1 0
fileproc/cmd/ticketgen/main.go:561.4,562.7 2 0
fileproc/cmd/ticketgen/main.go:564.19,565.22 1 0
fileproc/cmd/ticketgen/main.go:565.22,567.5 1 0
fileproc/cmd/ticketgen/main.go:569.4,569.19 1 0
fileproc/cmd/ticketgen/main.go:570.16,571.24 1 0
fileproc/cmd/ticketgen/main.go:572.19,573.27 1 0
fileproc/cmd/ticketgen/main.go:574.16,575.24 1 0
fileproc/cmd/ticketgen/main.go:576.18,577.26 1 0
fileproc/cmd/ticketgen/main.go:578.12,579.59 1 0
fileproc/cmd/ticketgen/main.go:582.4,582.7 1 0
fileproc/cmd/ticketgen/main.go:584.23,585.22 1 0
fileproc/cmd/ticketgen/main.go:585.22,587.5 1 0
fileproc/cmd/ticketgen/main.go:589.4,590.18 2 0
fileproc/cmd/ticketgen/main.go:590.18,592.5 1 0
fileproc/cmd/ticketgen/main.go:594.4,595.7 2 0
fileproc/cmd/ticketgen/main.go:597.18,598.22 1 0
fileproc/cmd/ticketgen/main.go:598.22,600.5 1 0
fileproc/cmd/ticketgen/main.go:602.4,603.18 2 0
fileproc/cmd/ticketgen/main.go:603.18,605.5 1 0
fileproc/cmd/ticketgen/main.go:607.4,608.7 2 0
fileproc/cmd/ticketgen/main.go:610.25,611.22 1 0
fileproc/cmd/ticketgen/main.go:611.22,613.5 1 0
fileproc/cmd/ticketgen/main.go:615.4,616.18 2 0
fileproc/cmd/ticketgen/main.go:616.18,618.5 1 0
fileproc/cmd/ticketgen/main.go:620.4,621.7 2 0
fileproc/cmd/ticketgen/main.go:623.27,624.22 1 0
fileproc/cmd/ticketgen/main.go:624.22,626.5 1 0
fileproc/cmd/ticketgen/main.go:628.4,629.18 2 0
fileproc/cmd/ticketgen/main.go:629.18,631.5 1 0
fileproc/cmd/ticketgen/main.go:633.4,634.7 2 0
fileproc/cmd/ticketgen/main.go:636.24,637.22 1 0
fileproc/cmd/ticketgen/main.go:637.22,639.5 1 0
fileproc/cmd/ticketgen/main.go:641.4,642.18 2 0
fileproc/cmd/ticketgen/main.go:642.18,644.5 1 0
fileproc/cmd/ticketgen/main.go:646.4,648.7 3 0
fileproc/cmd/ticketgen/main.go:650.28,651.22 1 0
fileproc/cmd/ticketgen/main.go:651.22,653.5 1 0
fileproc/cmd/ticketgen/main.go:655.4,656.18 2 0
fileproc/cmd/ticketgen/main.go:656.18,658.5 1 0
fileproc/cmd/ticketgen/main.go:660.4,661.7 2 0
fileproc/cmd/ticketgen/main.go:663.23,664.22 1 0
fileproc/cmd/ticketgen/main.go:664.22,666.5 1 0
fileproc/cmd/ticketgen/main.go:668.4,669.18 2 0
fileproc/cmd/ticketgen/main.go:669.18,671.5 1 0
fileproc/cmd/ticketgen/main.go:673.4,675.7 3 0
fileproc/cmd/ticketgen/main.go:677.27,678.22 1 0
fileproc/cmd/ticketgen/main.go:678.22,680.5 1 0
fileproc/cmd/ticketgen/main.go:682.4,683.18 2 0
fileproc/cmd/ticketgen/main.go:683.18,685.5 1 0
fileproc/cmd/ticketgen/main.go:687.4,688.7 2 0
fileproc/cmd/ticketgen/main.go:690.18,691.22 1 0
fileproc/cmd/ticketgen/main.go:691.22,693.5 1 0
fileproc/cmd/ticketgen/main.go:695.4,696.18 2 0
fileproc/cmd/ticketgen/main.go:696.18,698.5 1 0
fileproc/cmd/ticketgen/main.go:700.4,701.7 2 0
fileproc/cmd/ticketgen/main.go:703.19,704.22 1 0
fileproc/cmd/ticketgen/main.go:704.22,706.5 1 0
fileproc/cmd/ticketgen/main.go:708.4,709.18 2 0
fileproc/cmd/ticketgen/main.go:709.18,711.5 1 0
fileproc/cmd/ticketgen/main.go:713.4,714.7 2 0
fileproc/cmd/ticketgen/main.go:716.21,717.22 1 0
fileproc/cmd/ticketgen/main.go:717.22,719.5 1 0
fileproc/cmd/ticketgen/main.go:721.4,722.18 2 0
fileproc/cmd/ticketgen/main.go:722.18,724.5 1 0
fileproc/cmd/ticketgen/main.go:726.4,727.7 2 0
fileproc/cmd/ticketgen/main.go:729.23,730.30 1 0
fileproc/cmd/ticketgen/main.go:732.11,733.55 1 0
fileproc/cmd/ticketgen/main.go:737.2,737.15 1 0
fileproc/cmd/ticketgen/main.go:737.15,739.3 1 0
fileproc/cmd/ticketgen/main.go:741.2,741.15 1 0
fileproc/cmd/ticketgen/main.go:741.15,743.3 1 0
fileproc/cmd/ticketgen/main.go:745.2,745.34 1 0
fileproc/cmd/ticketgen/main.go:745.34,747.3 1 0
fileproc/cmd/ticketgen/main.go:749.2,766.8 1 0
fileproc/cmd/ticketgen/main.go:774.50,778.22 3 0
fileproc/cmd/ticketgen/main.go:778.22,780.3 1 0
fileproc/cmd/ticketgen/main.go:782.2,784.32 2 0
fileproc/cmd/ticketgen/main.go:784.32,785.39 1 0
fileproc/cmd/ticketgen/main.go:785.39,788.12 2 0
fileproc/cmd/ticketgen/main.go:791.3,791.8 1 0
fileproc/cmd/ticketgen/main.go:794.2,794.16 1 0
fileproc/cmd/ticketgen/main.go:794.16,796.3 1 0
fileproc/cmd/ticketgen/main.go:798.2,802.16 4 0
fileproc/cmd/ticketgen/main.go:802.16,804.3 1 0
fileproc/cmd/ticketgen/main.go:806.2,808.16 2 0
fileproc/cmd/ticketgen/main.go:809.10,810.13 1 0
fileproc/cmd/ticketgen/main.go:811.17,812.17 1 0
fileproc/cmd/ticketgen/main.go:813.17,814.21 1 0
fileproc/cmd/ticketgen/main.go:815.17,816.25 1 0
fileproc/cmd/ticketgen/main.go:817.19,818.16 1 0
fileproc/cmd/ticketgen/main.go:819.19,820.25 1 0
fileproc/cmd/ticketgen/main.go:821.19,822.34 1 0
fileproc/cmd/ticketgen/main.go:823.10,824.62 1 0
fileproc/cmd/ticketgen/main.go:827.2,827.13 1 0
fileproc/cmd/ticketgen/main.go:827.13,829.3 1 0
fileproc/cmd/ticketgen/main.go:831.2,832.42 2 0
fileproc/cmd/ticketgen/main.go:832.42,834.3 1 0
fileproc/cmd/ticketgen/main.go:836.2,838.21 2 0
fileproc/cmd/ticketgen/main.go:841.19,871.2 1 0
fileproc/cmd/fileprocbench/main.go:75.31,95.2 17 0
fileproc/cmd/fileprocbench/main.go:97.13,103.2 3 0
fileproc/cmd/fileprocbench/main.go:105.33,106.21 1 0
fileproc/cmd/fileprocbench/main.go:106.21,110.3 2 0
fileproc/cmd/fileprocbench/main.go:112.2,112.23 1 0
fileproc/cmd/fileprocbench/main.go:112.23,116.3 2 0
fileproc/cmd/fileprocbench/main.go:118.2,118.23 1 0
fileproc/cmd/fileprocbench/main.go:118.23,122.3 2 0
fileproc/cmd/fileprocbench/main.go:124.2,125.16 2 0
fileproc/cmd/fileprocbench/main.go:125.16,129.3 2 0
fileproc/cmd/fileprocbench/main.go:131.2,131.26 1 0
fileproc/cmd/fileprocbench/main.go:131.26,133.3 1 0
fileproc/cmd/fileprocbench/main.go:135.2,135.28 1 0
fileproc/cmd/fileprocbench/main.go:135.28,137.17 2 0
fileproc/cmd/fileprocbench/main.go:137.17,141.4 2 0
fileproc/cmd/fileprocbench/main.go:143.3,144.17 2 0
fileproc/cmd/fileprocbench/main.go:144.17,150.4 3 0
fileproc/cmd/fileprocbench/main.go:152.3,152.16 1 0
fileproc/cmd/fileprocbench/main.go:152.16,156.4 2 0
fileproc/cmd/fileprocbench/main.go:159.2,167.43 3 0
fileproc/cmd/fileprocbench/main.go:167.43,172.4 2 0
fileproc/cmd/fileprocbench/main.go:175.2,181.25 4 0
fileproc/cmd/fileprocbench/main.go:181.25,185.20 2 0
fileproc/cmd/fileprocbench/main.go:185.20,187.34 2 0
fileproc/cmd/fileprocbench/main.go:187.34,189.5 1 0
fileproc/cmd/fileprocbench/main.go:191.4,191.34 1 0
fileproc/cmd/fileprocbench/main.go:191.34,193.5 1 0
fileproc/cmd/fileprocbench/main.go:195.4,197.12 2 0
fileproc/cmd/fileprocbench/main.go:200.3,202.62 2 0
fileproc/cmd/fileprocbench/main.go:202.62,206.4 2 0
fileproc/cmd/fileprocbench/main.go:209.2,209.22 1 0
fileproc/cmd/fileprocbench/main.go:209.22,213.3 2 0
fileproc/cmd/fileprocbench/main.go:215.2,217.28 2 0
fileproc/cmd/fileprocbench/main.go:217.28,219.17 2 0
fileproc/cmd/fileprocbench/main.go:219.17,223.4 2 0
fileproc/cmd/fileprocbench/main.go:225.3,226.17 2 0
fileproc/cmd/fileprocbench/main.go:226.17,232.4 3 0
fileproc/cmd/fileprocbench/main.go:234.3,235.17 2 0
fileproc/cmd/fileprocbench/main.go:235.17,239.4 2 0
fileproc/cmd/fileprocbench/main.go:242.2,245.17 3 0
fileproc/cmd/fileprocbench/main.go:245.17,247.3 1 0
fileproc/cmd/fileprocbench/main.go:249.2,254.54 5 0
fileproc/cmd/fileprocbench/main.go:254.54,256.39 2 0
fileproc/cmd/fileprocbench/main.go:256.39,257.23 1 0
fileproc/cmd/fileprocbench/main.go:258.24,259.32 1 0
fileproc/cmd/fileprocbench/main.go:260.20,261.28 1 0
fileproc/cmd/fileprocbench/main.go:262.24,263.42 1 0
fileproc/cmd/fileprocbench/main.go:268.2,298.21 2 0
fileproc/cmd/fileprocbench/main.go:298.21,300.17 2 0
fileproc/cmd/fileprocbench/main.go:300.17,304.4 2 0
fileproc/cmd/fileprocbench/main.go:307.2,307.17 1 0
fileproc/cmd/fileprocbench/main.go:307.17,311.3 2 0
fileproc/cmd/fileprocbench/main.go:313.2,315.10 2 0
fileproc/cmd/fileprocbench/main.go:318.55,320.21 2 0
fileproc/cmd/fileprocbench/main.go:321.29,322.26 1 0
fileproc/cmd/fileprocbench/main.go:323.10,324.91 1 0
fileproc/cmd/fileprocbench/main.go:328.67,331.17 2 0
fileproc/cmd/fileprocbench/main.go:332.14,333.54 1 0
fileproc/cmd/fileprocbench/main.go:333.54,335.4 1 0
fileproc/cmd/fileprocbench/main.go:336.21,337.57 1 0
fileproc/cmd/fileprocbench/main.go:337.57,338.34 1 0
fileproc/cmd/fileprocbench/main.go:338.34,340.5 1 0
fileproc/cmd/fileprocbench/main.go:342.4,342.20 1 0
fileproc/cmd/fileprocbench/main.go:344.10,347.54 1 0
fileproc/cmd/fileprocbench/main.go:347.54,349.4 1 0
fileproc/cmd/fileprocbench/main.go:361.44,362.73 1 0
fileproc/cmd/fileprocbench/main.go:362.73,364.3 1 0
fileproc/cmd/fileprocbench/main.go:366.2,367.21 2 0
fileproc/cmd/fileprocbench/main.go:367.21,369.3 1 0
fileproc/cmd/fileprocbench/main.go:371.2,371.39 1 0
fileproc/cmd/fileprocbench/main.go:371.39,373.3 1 0
fileproc/cmd/fileprocbench/main.go:375.2,379.20 3 0
fileproc/cmd/fileprocbench/main.go:379.20,381.40 2 0
fileproc/cmd/fileprocbench/main.go:381.40,383.4 1 0
fileproc/cmd/fileprocbench/main.go:385.3,386.53 2 0
fileproc/cmd/fileprocbench/main.go:386.53,388.4 1 0
fileproc/cmd/fileprocbench/main.go:390.3,391.75 2 0
fileproc/cmd/fileprocbench/main.go:391.75,393.4 1 0
fileproc/cmd/fileprocbench/main.go:395.3,396.84 2 0
fileproc/cmd/fileprocbench/main.go:396.84,398.4 1 0
fileproc/cmd/fileprocbench/main.go:400.3,400.113 1 0
fileproc/cmd/fileprocbench/main.go:400.113,402.88 2 0
fileproc/cmd/fileprocbench/main.go:402.88,404.5 1 0
fileproc/cmd/fileprocbench/main.go:406.4,406.30 1 0
fileproc/cmd/fileprocbench/main.go:406.30,408.5 1 0
fileproc/cmd/fileprocbench/main.go:411.3,411.20 1 0
fileproc/cmd/fileprocbench/main.go:411.20,413.4 1 0
fileproc/cmd/fileprocbench/main.go:416.2,416.14 1 0
fileproc/cmd/fileprocbench/main.go:419.55,421.16 2 0
fileproc/cmd/fileprocbench/main.go:421.16,423.3 1 0
fileproc/cmd/fileprocbench/main.go:425.2,425.15 1 0
fileproc/cmd/fileprocbench/main.go:425.15,425.38 1 0
fileproc/cmd/fileprocbench/main.go:427.2,432.16 5 0
fileproc/cmd/fileprocbench/main.go:432.16,434.3 1 0
fileproc/cmd/fileprocbench/main.go:436.2,437.16 2 0
fileproc/cmd/fileprocbench/main.go:437.16,439.3 1 0
fileproc/cmd/fileprocbench/main.go:441.2,441.12 1 0
fileproc/cmd/benchreport/baseline.go:32.39,33.20 1 0
fileproc/cmd/benchreport/baseline.go:33.20,37.3 2 0
fileproc/cmd/benchreport/baseline.go:39.2,42.13 3 0
fileproc/cmd/benchreport/baseline.go:43.13,44.30 1 0
fileproc/cmd/benchreport/baseline.go:45.15,46.32 1 0
fileproc/cmd/benchreport/baseline.go:47.14,48.31 1 0
fileproc/cmd/benchreport/baseline.go:49.30,52.13 2 0
fileproc/cmd/benchreport/baseline.go:53.10,56.60 2 0
fileproc/cmd/benchreport/baseline.go:70.39,72.20 2 0
fileproc/cmd/benchreport/baseline.go:72.20,72.63 1 0
fileproc/cmd/benchreport/baseline.go:74.2,78.21 4 0
fileproc/cmd/benchreport/baseline.go:78.21,80.3 1 0
fileproc/cmd/benchreport/baseline.go:82.2,82.19 1 0
fileproc/cmd/benchreport/baseline.go:82.19,86.3 2 0
fileproc/cmd/benchreport/baseline.go:88.2,89.16 2 0
fileproc/cmd/benchreport/baseline.go:89.16,91.3 1 0
fileproc/cmd/benchreport/baseline.go:93.2,94.16 2 0
fileproc/cmd/benchreport/baseline.go:94.16,95.26 1 0
fileproc/cmd/benchreport/baseline.go:95.26,97.4 1 0
fileproc/cmd/benchreport/baseline.go:99.3,99.18 1 0
fileproc/cmd/benchreport/baseline.go:102.2,106.21 4 0
fileproc/cmd/benchreport/baseline.go:106.21,108.3 1 0
fileproc/cmd/benchreport/baseline.go:110.2,112.12 2 0
fileproc/cmd/benchreport/baseline.go:125.41,127.20 2 0
fileproc/cmd/benchreport/baseline.go:127.20,127.65 1 0
fileproc/cmd/benchreport/baseline.go:129.2,133.21 4 0
fileproc/cmd/benchreport/baseline.go:133.21,135.3 1 0
fileproc/cmd/benchreport/baseline.go:137.2,137.16 1 0
fileproc/cmd/benchreport/baseline.go:137.16,141.3 2 0
fileproc/cmd/benchreport/baseline.go:143.2,144.16 2 0
fileproc/cmd/benchreport/baseline.go:144.16,146.3 1 0
fileproc/cmd/benchreport/baseline.go:148.2,151.21 3 0
fileproc/cmd/benchreport/baseline.go:151.21,153.3 1 0
fileproc/cmd/benchreport/baseline.go:155.2,157.12 2 0
fileproc/cmd/benchreport/baseline.go:169.40,171.20 2 0
fileproc/cmd/benchreport/baseline.go:171.20,171.64 1 0
fileproc/cmd/benchreport/baseline.go:173.2,176.21 3 0
fileproc/cmd/benchreport/baseline.go:176.21,178.3 1 0
fileproc/cmd/benchreport/baseline.go:180.2,181.16 2 0
fileproc/cmd/benchreport/baseline.go:181.16,183.3 1 0
fileproc/cmd/benchreport/baseline.go:185.2,189.29 4 0
fileproc/cmd/benchreport/baseline.go:189.29,193.19 3 0
fileproc/cmd/benchreport/baseline.go:193.19,195.4 1 0
fileproc/cmd/benchreport/baseline.go:197.3,197.86 1 0
fileproc/cmd/benchreport/baseline.go:200.2,201.21 2 0
fileproc/cmd/benchreport/baseline.go:201.21,203.3 1 0
fileproc/cmd/benchreport/baseline.go:205.2,205.12 1 0
fileproc/cmd/benchreport/baseline.go:208.56,210.16 2 0
fileproc/cmd/benchreport/baseline.go:210.16,212.3 1 0
fileproc/cmd/benchreport/baseline.go:214.2,214.18 1 0
fileproc/cmd/benchreport/baseline.go:214.18,216.3 1 0
fileproc/cmd/benchreport/baseline.go:218.2,219.16 2 0
fileproc/cmd/benchreport/baseline.go:219.16,221.3 1 0
fileproc/cmd/benchreport/baseline.go:223.2,226.25 3 0
fileproc/cmd/benchreport/baseline.go:226.25,228.3 1 0
fileproc/cmd/benchreport/baseline.go:230.2,230.15 1 0
fileproc/cmd/benchreport/baseline.go:233.54,235.16 2 0
fileproc/cmd/benchreport/baseline.go:235.16,237.3 1 0
fileproc/cmd/benchreport/baseline.go:239.2,240.19 2 0
fileproc/cmd/benchreport/baseline.go:240.19,242.3 1 0
fileproc/cmd/benchreport/baseline.go:244.2,244.37 1 0
fileproc/cmd/benchreport/baseline.go:244.37,248.17 3 0
fileproc/cmd/benchreport/baseline.go:248.17,250.4 1 0
fileproc/cmd/benchreport/baseline.go:252.3,252.19 1 0
fileproc/cmd/benchreport/baseline.go:255.2,258.22 3 0
fileproc/cmd/benchreport/baseline.go:258.22,260.3 1 0
fileproc/cmd/benchreport/baseline.go:262.2,262.37 1 0
fileproc/cmd/benchreport/baseline.go:265.58,268.49 2 0
fileproc/cmd/benchreport/baseline.go:268.49,270.17 2 0
fileproc/cmd/benchreport/baseline.go:270.17,271.12 1 0
fileproc/cmd/benchreport/baseline.go:274.3,277.17 3 0
fileproc/cmd/benchreport/baseline.go:277.17,279.4 1 0
fileproc/cmd/benchreport/baseline.go:281.3,281.35 1 0
fileproc/cmd/benchreport/baseline.go:284.2,284.23 1 0
fileproc/cmd/benchreport/baseline.go:287.63,289.16 2 0
fileproc/cmd/benchreport/baseline.go:289.16,291.3 1 0
fileproc/cmd/benchreport/baseline.go:293.2,294.29 2 0
fileproc/cmd/benchreport/baseline.go:294.29,298.17 3 0
fileproc/cmd/benchreport/baseline.go:298.17,300.4 1 0
fileproc/cmd/benchreport/baseline.go:302.3,302.41 1 0
fileproc/cmd/benchreport/baseline.go:305.2,306.19 2 0
fileproc/cmd/benchreport/baseline.go:306.19,308.3 1 0
fileproc/cmd/benchreport/baseline.go:310.2,311.21 2 0
fileproc/cmd/benchreport/baseline.go:311.21,313.3 1 0
fileproc/cmd/benchreport/baseline.go:315.2,315.12 1 0
fileproc/cmd/benchreport/baseline.go:318.58,319.41 1 0
fileproc/cmd/benchreport/baseline.go:319.41,321.3 1 0
fileproc/cmd/benchreport/baseline.go:323.2,323.40 1 0
fileproc/cmd/benchreport/compare.go:68.38,70.20 2 0
fileproc/cmd/benchreport/compare.go:70.20,70.59 1 0
fileproc/cmd/benchreport/compare.go:72.2,81.21 9 0
fileproc/cmd/benchreport/compare.go:81.21,83.3 1 0
fileproc/cmd/benchreport/compare.go:85.2,85.92 1 0
fileproc/cmd/benchreport/compare.go:88.120,91.16 2 0
fileproc/cmd/benchreport/compare.go:91.16,93.3 1 0
fileproc/cmd/benchreport/compare.go:95.2,95.23 1 0
fileproc/cmd/benchreport/compare.go:95.23,97.3 1 0
fileproc/cmd/benchreport/compare.go:99.2,107.17 3 0
fileproc/cmd/benchreport/compare.go:108.14,109.23 1 0
fileproc/cmd/benchreport/compare.go:109.23,111.4 1 0
fileproc/cmd/benchreport/compare.go:113.3,114.30 2 0
fileproc/cmd/benchreport/compare.go:116.13,117.23 1 0
fileproc/cmd/benchreport/compare.go:117.23,119.4 1 0
fileproc/cmd/benchreport/compare.go:121.3,125.57 5 0
fileproc/cmd/benchreport/compare.go:127.18,129.17 2 0
fileproc/cmd/benchreport/compare.go:129.17,131.4 1 0
fileproc/cmd/benchreport/compare.go:133.3,133.26 1 0
fileproc/cmd/benchreport/compare.go:133.26,135.4 1 0
fileproc/cmd/benchreport/compare.go:137.3,137.26 1 0
fileproc/cmd/benchreport/compare.go:137.26,140.4 2 0
fileproc/cmd/benchreport/compare.go:140.9,143.4 2 0
fileproc/cmd/benchreport/compare.go:145.10,146.81 1 0
fileproc/cmd/benchreport/compare.go:150.2,151.17 2 0
fileproc/cmd/benchreport/compare.go:151.17,153.3 1 0
fileproc/cmd/benchreport/compare.go:156.2,158.16 2 0
fileproc/cmd/benchreport/compare.go:158.16,163.17 4 0
fileproc/cmd/benchreport/compare.go:163.17,165.4 1 0
fileproc/cmd/benchreport/compare.go:167.3,167.13 1 0
fileproc/cmd/benchreport/compare.go:171.2,172.21 2 0
fileproc/cmd/benchreport/compare.go:172.21,174.3 1 0
fileproc/cmd/benchreport/compare.go:177.2,177.19 1 0
fileproc/cmd/benchreport/compare.go:177.19,178.45 1 0
fileproc/cmd/benchreport/compare.go:178.45,184.4 2 0
fileproc/cmd/benchreport/compare.go:186.3,187.42 1 0
fileproc/cmd/benchreport/compare.go:190.2,190.12 1 0
fileproc/cmd/benchreport/compare.go:193.50,195.24 2 0
fileproc/cmd/benchreport/compare.go:195.24,197.3 1 0
fileproc/cmd/benchreport/compare.go:199.2,199.16 1 0
fileproc/cmd/benchreport/compare.go:199.16,201.3 1 0
fileproc/cmd/benchreport/compare.go:203.2,205.57 2 0
fileproc/cmd/benchreport/compare.go:205.57,207.17 2 0
fileproc/cmd/benchreport/compare.go:207.17,208.12 1 0
fileproc/cmd/benchreport/compare.go:211.3,214.17 3 0
fileproc/cmd/benchreport/compare.go:214.17,216.4 1 0
fileproc/cmd/benchreport/compare.go:218.3,218.31 1 0
fileproc/cmd/benchreport/compare.go:221.2,221.21 1 0
fileproc/cmd/benchreport/compare.go:224.52,225.25 1 0
fileproc/cmd/benchreport/compare.go:225.25,227.3 1 0
fileproc/cmd/benchreport/compare.go:230.2,232.29 2 0
fileproc/cmd/benchreport/compare.go:232.29,234.37 2 0
fileproc/cmd/benchreport/compare.go:234.37,236.4 1 0
fileproc/cmd/benchreport/compare.go:240.2,242.31 2 0
fileproc/cmd/benchreport/compare.go:242.31,248.30 2 0
fileproc/cmd/benchreport/compare.go:248.30,250.42 2 0
fileproc/cmd/benchreport/compare.go:250.42,254.5 3 0
fileproc/cmd/benchreport/compare.go:257.3,257.16 1 0
fileproc/cmd/benchreport/compare.go:257.16,262.4 1 0
fileproc/cmd/benchreport/compare.go:266.2,269.34 3 0
fileproc/cmd/benchreport/compare.go:269.34,275.30 2 0
fileproc/cmd/benchreport/compare.go:275.30,277.50 2 0
fileproc/cmd/benchreport/compare.go:277.50,280.5 2 0
fileproc/cmd/benchreport/compare.go:283.3,283.16 1 0
fileproc/cmd/benchreport/compare.go:283.16,285.4 1 0
fileproc/cmd/benchreport/compare.go:288.2,293.3 1 0
fileproc/cmd/benchreport/compare.go:296.98,311.38 3 0
fileproc/cmd/benchreport/compare.go:311.38,313.26 1 0
fileproc/cmd/benchreport/compare.go:313.26,316.36 2 0
fileproc/cmd/benchreport/compare.go:316.36,317.45 1 0
fileproc/cmd/benchreport/compare.go:317.45,320.11 2 0
fileproc/cmd/benchreport/compare.go:324.4,324.16 1 0
fileproc/cmd/benchreport/compare.go:324.16,325.13 1 0
fileproc/cmd/benchreport/compare.go:329.3,332.31 3 0
fileproc/cmd/benchreport/compare.go:332.31,333.12 1 0
fileproc/cmd/benchreport/compare.go:337.3,346.35 7 0
fileproc/cmd/benchreport/compare.go:346.35,348.4 1 0
fileproc/cmd/benchreport/compare.go:350.3,361.5 1 0
fileproc/cmd/benchreport/compare.go:364.2,365.24 2 0
fileproc/cmd/benchreport/compare.go:365.24,367.3 1 0
fileproc/cmd/benchreport/compare.go:369.2,370.20 2 0
fileproc/cmd/benchreport/compare.go:370.20,372.3 1 0
fileproc/cmd/benchreport/compare.go:374.2,381.3 1 0
fileproc/cmd/benchreport/compare.go:384.43,398.41 12 0
fileproc/cmd/benchreport/compare.go:398.41,409.3 1 0
fileproc/cmd/benchreport/compare.go:411.2,412.16 2 0
fileproc/cmd/benchreport/compare.go:412.16,414.3 1 0
fileproc/cmd/benchreport/compare.go:416.2,420.12 4 0
fileproc/cmd/benchreport/compare.go:423.52,424.19 1 0
fileproc/cmd/benchreport/compare.go:424.19,426.3 1 0
fileproc/cmd/benchreport/compare.go:428.2,428.47 1 0
fileproc/cmd/benchreport/compare.go:431.30,432.12 1 0
fileproc/cmd/benchreport/compare.go:432.12,434.3 1 0
fileproc/cmd/benchreport/compare.go:436.2,436.31 1 0
fileproc/cmd/benchreport/compare.go:439.31,440.12 1 0
fileproc/cmd/benchreport/compare.go:440.12,442.3 1 0
fileproc/cmd/benchreport/compare.go:444.2,444.20 1 0
fileproc/cmd/benchreport/compare.go:444.20,446.3 1 0
fileproc/cmd/benchreport/compare.go:448.2,448.16 1 0
fileproc/cmd/benchreport/compare.go:448.16,450.3 1 0
fileproc/cmd/benchreport/compare.go:452.2,452.31 1 0
fileproc/cmd/benchreport/compare.go:455.33,456.12 1 0
fileproc/cmd/benchreport/compare.go:456.12,458.3 1 0
fileproc/cmd/benchreport/compare.go:460.2,460.31 1 0
fileproc/cmd/benchreport/compare.go:463.31,464.11 1 0
fileproc/cmd/benchreport/compare.go:464.11,466.3 1 0
fileproc/cmd/benchreport/compare.go:468.2,468.33 1 0
fileproc/cmd/benchreport/main.go:45.13,46.22 1 0
fileproc/cmd/benchreport/main.go:46.22,49.3 2 0
fileproc/cmd/benchreport/main.go:51.2,54.13 3 0
fileproc/cmd/benchreport/main.go:55.19,57.17 2 0
fileproc/cmd/benchreport/main.go:57.17,60.4 2 0
fileproc/cmd/benchreport/main.go:61.17,63.17 2 0
fileproc/cmd/benchreport/main.go:63.17,66.4 2 0
fileproc/cmd/benchreport/main.go:67.18,69.17 2 0
fileproc/cmd/benchreport/main.go:69.17,72.4 2 0
fileproc/cmd/benchreport/main.go:73.30,74.19 1 0
fileproc/cmd/benchreport/main.go:75.10,78.13 3 0
fileproc/cmd/benchreport/summarize.go:37.40,39.20 2 0
fileproc/cmd/benchreport/summarize.go:39.20,39.61 1 0
fileproc/cmd/benchreport/summarize.go:41.2,46.21 5 0
fileproc/cmd/benchreport/summarize.go:46.21,48.3 1 0
fileproc/cmd/benchreport/summarize.go:50.2,50.19 1 0
fileproc/cmd/benchreport/summarize.go:50.19,54.3 2 0
fileproc/cmd/benchreport/summarize.go:56.2,58.65 2 0
fileproc/cmd/benchreport/summarize.go:61.82,64.28 2 0
fileproc/cmd/benchreport/summarize.go:64.28,66.3 1 0
fileproc/cmd/benchreport/summarize.go:68.2,68.20 1 0
fileproc/cmd/benchreport/summarize.go:68.20,70.3 1 0
fileproc/cmd/benchreport/summarize.go:73.2,74.29 2 0
fileproc/cmd/benchreport/summarize.go:74.29,78.33 3 0
fileproc/cmd/benchreport/summarize.go:78.33,80.4 1 0
fileproc/cmd/benchreport/summarize.go:82.3,82.25 1 0
fileproc/cmd/benchreport/summarize.go:82.25,84.4 1 0
fileproc/cmd/benchreport/summarize.go:87.2,90.28 3 0
fileproc/cmd/benchreport/summarize.go:90.28,92.3 1 0
fileproc/cmd/benchreport/summarize.go:94.2,94.20 1 0
fileproc/cmd/benchreport/summarize.go:94.20,96.3 1 0
fileproc/cmd/benchreport/summarize.go:98.2,102.16 3 0
fileproc/cmd/benchreport/summarize.go:102.16,104.3 1 0
fileproc/cmd/benchreport/summarize.go:107.2,116.29 3 0
fileproc/cmd/benchreport/summarize.go:116.29,120.22 3 0
fileproc/cmd/benchreport/summarize.go:120.22,122.4 1 0
fileproc/cmd/benchreport/summarize.go:124.3,124.34 1 0
fileproc/cmd/benchreport/summarize.go:128.2,168.16 9 0
fileproc/cmd/benchreport/summarize.go:168.16,170.3 1 0
fileproc/cmd/benchreport/summarize.go:172.2,173.21 2 0
fileproc/cmd/benchreport/summarize.go:173.21,175.3 1 0
fileproc/cmd/benchreport/summarize.go:177.2,180.16 2 0
fileproc/cmd/benchreport/summarize.go:180.16,182.17 2 0
fileproc/cmd/benchreport/summarize.go:182.17,184.4 1 0
fileproc/cmd/benchreport/summarize.go:186.3,186.47 1 0
fileproc/cmd/benchreport/summarize.go:189.2,191.12 2 0
fileproc/cmd/benchreport/summarize.go:194.56,196.16 2 0
fileproc/cmd/benchreport/summarize.go:196.16,198.3 1 0
fileproc/cmd/benchreport/summarize.go:200.2,200.15 1 0
fileproc/cmd/benchreport/summarize.go:200.15,200.35 1 0
fileproc/cmd/benchreport/summarize.go:202.2,205.21 3 0
fileproc/cmd/benchreport/summarize.go:205.21,207.48 2 0
fileproc/cmd/benchreport/summarize.go:207.48,211.4 3 0
fileproc/cmd/benchreport/summarize.go:214.2,215.20 2 0
fileproc/cmd/benchreport/summarize.go:215.20,217.3 1 0
fileproc/cmd/benchreport/summarize.go:219.2,219.18 1 0
fileproc/cmd/benchreport/summarize.go:222.78,224.16 2 0
fileproc/cmd/benchreport/summarize.go:224.16,226.3 1 0
fileproc/cmd/benchreport/summarize.go:228.2,231.25 3 0
fileproc/cmd/benchreport/summarize.go:231.25,233.3 1 0
fileproc/cmd/benchreport/summarize.go:235.2,236.31 2 0
fileproc/cmd/benchreport/summarize.go:236.31,246.3 1 0
fileproc/cmd/benchreport/summarize.go:248.2,248.21 1 0
fileproc/cmd/benchreport/summarize.go:251.71,261.34 3 0
fileproc/cmd/benchreport/summarize.go:261.34,265.42 3 0
fileproc/cmd/benchreport/summarize.go:265.42,267.4 1 0
fileproc/cmd/benchreport/summarize.go:270.2,270.15 1 0
fileproc/cmd/benchreport/summarize.go:273.71,276.21 2 0
fileproc/cmd/benchreport/summarize.go:276.21,278.3 1 0
fileproc/cmd/benchreport/summarize.go:281.2,284.20 3 0
fileproc/cmd/benchreport/summarize.go:284.20,285.58 1 0
fileproc/cmd/benchreport/summarize.go:285.58,286.50 1 0
fileproc/cmd/benchreport/summarize.go:286.50,288.5 1 0
fileproc/cmd/benchreport/summarize.go:293.2,294.16 2 0
fileproc/cmd/benchreport/summarize.go:294.16,296.3 1 0
fileproc/cmd/benchreport/summarize.go:298.2,301.27 2 0
fileproc/cmd/benchreport/summarize.go:301.27,303.3 1 0
fileproc/cmd/benchreport/summarize.go:306.2,309.21 3 0
fileproc/cmd/benchreport/summarize.go:309.21,311.3 1 0
fileproc/cmd/benchreport/summarize.go:313.2,313.12 1 0
fileproc/cmd/benchreport/summarize.go:316.35,320.16 3 0
fileproc/cmd/benchreport/summarize.go:320.16,322.3 1 0
fileproc/cmd/benchreport/summarize.go:324.2,324.39 1 0
fileproc/cmd/benchreport/summarize.go:327.53,329.37 1 0
fileproc/cmd/benchreport/summarize.go:329.37,331.3 1 0
fileproc/cmd/benchreport/summarize.go:333.2,333.18 1 0
fileproc/cmd/benchreport/summarize.go:336.42,337.13 1 0
fileproc/cmd/benchreport/summarize.go:337.13,339.3 1 0
fileproc/cmd/benchreport/summarize.go:341.2,342.16 2 0
fileproc/cmd/benchreport/summarize.go:342.16,344.3 1 0
fileproc/cmd/benchreport/summarize.go:346.2,346.10 1 0
fileproc/cmd/benchreport/summarize.go:350.54,356.12 4 0
fileproc/cmd/benchreport/summarize.go:356.12,358.3 1 0
fileproc/cmd/benchreport/summarize.go:360.2,361.16 2 0
fileproc/cmd/benchreport/summarize.go:361.16,363.3 1 0
fileproc/cmd/benchreport/summarize.go:365.2,365.60 1 0
fileproc/fileproc.go:155.34,157.2 1 1
fileproc/fileproc.go:159.34,161.2 1 0
fileproc/fileproc.go:172.39,174.2 1 0
fileproc/fileproc.go:176.39,178.2 1 1
fileproc/fileproc.go:378.121,379.20 1 1
fileproc/fileproc.go:379.20,381.3 1 1
fileproc/fileproc.go:383.2,383.48 1 1
fileproc/fileproc.go:393.26,396.37 2 1
fileproc/fileproc.go:396.37,398.3 1 1
fileproc/fileproc.go:400.2,400.22 1 1
fileproc/fileproc.go:400.22,402.3 1 1
fileproc/fileproc.go:404.2,405.44 2 1
fileproc/fileproc.go:405.44,407.3 1 1
fileproc/fileproc.go:409.2,411.39 2 1
fileproc/fileproc.go:445.111,449.2 2 1
fileproc/fileproc.go:468.26,472.16 3 1
fileproc/fileproc.go:472.16,474.28 2 1
fileproc/fileproc.go:474.28,476.4 1 1
fileproc/fileproc.go:478.3,478.18 1 0
fileproc/fileproc.go:481.2,481.15 1 1
fileproc/fileproc.go:481.15,481.39 1 1
fileproc/fileproc.go:483.2,487.6 4 1
fileproc/fileproc.go:487.6,488.23 1 1
fileproc/fileproc.go:488.23,490.4 1 0
fileproc/fileproc.go:492.3,494.49 2 1
fileproc/fileproc.go:494.49,495.25 1 1
fileproc/fileproc.go:495.25,497.5 1 0
fileproc/fileproc.go:499.4,499.33 1 1
fileproc/fileproc.go:499.33,501.5 1 0
fileproc/fileproc.go:503.4,512.6 1 1
fileproc/fileproc.go:515.3,515.17 1 1
fileproc/fileproc.go:515.17,516.12 1 1
fileproc/fileproc.go:519.3,519.29 1 1
fileproc/fileproc.go:519.29,520.9 1 1
fileproc/fileproc.go:523.3,524.28 2 0
fileproc/fileproc.go:524.28,526.4 1 0
fileproc/fileproc.go:528.3,528.18 1 0
fileproc/fileproc.go:531.2,531.27 1 1
fileproc/fileproc.go:531.27,533.3 1 1
fileproc/fileproc.go:535.2,535.77 1 1
fileproc/fileproc.go:551.26,552.23 1 1
fileproc/fileproc.go:552.23,554.3 1 0
fileproc/fileproc.go:556.2,556.31 1 1
fileproc/fileproc.go:556.31,558.3 1 1
fileproc/fileproc.go:560.2,560.49 1 1
fileproc/fileproc.go:598.26,610.25 4 1
fileproc/fileproc.go:610.25,613.3 2 1
fileproc/fileproc.go:615.2,666.20 6 1
fileproc/fileproc.go:666.20,700.19 5 1
fileproc/fileproc.go:700.19,703.16 2 1
fileproc/fileproc.go:703.16,704.23 1 1
fileproc/fileproc.go:704.23,707.6 2 1
fileproc/fileproc.go:709.5,709.20 1 1
fileproc/fileproc.go:709.20,713.6 2 1
fileproc/fileproc.go:716.4,721.35 2 1
fileproc/fileproc.go:721.35,724.5 2 1
fileproc/fileproc.go:726.4,726.11 1 1
fileproc/fileproc.go:727.24,728.17 1 1
fileproc/fileproc.go:728.17,729.14 1 0
fileproc/fileproc.go:732.5,734.31 2 1
fileproc/fileproc.go:736.19,739.34 2 1
fileproc/fileproc.go:739.34,742.10 1 1
fileproc/fileproc.go:742.10,743.14 1 1
fileproc/fileproc.go:744.27,747.34 2 0
fileproc/fileproc.go:748.15,749.20 1 1
fileproc/fileproc.go:755.5,755.36 1 1
fileproc/fileproc.go:755.36,759.6 2 1
fileproc/fileproc.go:761.26,762.22 1 1
fileproc/fileproc.go:766.3,766.18 1 1
fileproc/fileproc.go:766.18,768.4 1 0
fileproc/fileproc.go:810.2,810.31 1 1
fileproc/fileproc.go:810.31,813.17 2 1
fileproc/fileproc.go:814.22,820.5 1 1
fileproc/fileproc.go:821.23,827.5 1 1
fileproc/fileproc.go:837.3,838.32 2 1
fileproc/fileproc.go:838.32,840.4 1 1
fileproc/fileproc.go:843.3,864.25 2 1
fileproc/fileproc.go:864.25,865.11 1 1
fileproc/fileproc.go:865.11,866.25 1 1
fileproc/fileproc.go:866.25,868.6 1 0
fileproc/fileproc.go:870.5,871.25 2 1
fileproc/fileproc.go:871.25,873.6 1 1
fileproc/fileproc.go:875.5,876.19 2 1
fileproc/fileproc.go:876.19,878.31 2 1
fileproc/fileproc.go:878.31,880.7 1 1
fileproc/fileproc.go:882.6,882.12 1 1
fileproc/fileproc.go:885.5,885.18 1 1
fileproc/fileproc.go:885.18,885.42 1 1
fileproc/fileproc.go:903.5,903.39 1 1
fileproc/fileproc.go:903.39,905.26 2 1
fileproc/fileproc.go:905.26,907.7 1 1
fileproc/fileproc.go:909.6,910.26 2 1
fileproc/fileproc.go:910.26,912.83 2 1
fileproc/fileproc.go:912.83,914.8 1 1
fileproc/fileproc.go:917.6,919.13 2 1
fileproc/fileproc.go:920.74,920.74 0 1
fileproc/fileproc.go:921.24,921.24 0 0
fileproc/fileproc.go:925.5,949.25 3 1
fileproc/fileproc.go:949.25,951.6 1 0
fileproc/fileproc.go:954.5,954.14 1 1
fileproc/fileproc.go:954.14,966.26 2 1
fileproc/fileproc.go:966.26,968.7 1 0
fileproc/fileproc.go:970.6,970.29 1 1
fileproc/fileproc.go:970.29,972.7 1 1
fileproc/fileproc.go:974.6,974.12 1 1
fileproc/fileproc.go:977.5,977.46 1 1
fileproc/fileproc.go:977.46,979.31 2 0
fileproc/fileproc.go:979.31,981.7 1 0
fileproc/fileproc.go:983.6,983.12 1 0
fileproc/fileproc.go:987.5,987.54 1 1
fileproc/fileproc.go:987.54,989.20 2 1
fileproc/fileproc.go:989.20,991.32 2 0
fileproc/fileproc.go:991.32,993.8 1 0
fileproc/fileproc.go:995.7,995.13 1 0
fileproc/fileproc.go:998.6,1015.26 6 1
fileproc/fileproc.go:1015.26,1017.7 1 0
fileproc/fileproc.go:1019.6,1019.29 1 1
fileproc/fileproc.go:1019.29,1021.7 1 1
fileproc/fileproc.go:1026.4,1026.25 1 1
fileproc/fileproc.go:1031.2,1034.30 3 1
fileproc/fileproc.go:1034.30,1035.19 1 1
fileproc/fileproc.go:1035.19,1039.4 2 1
fileproc/fileproc.go:1042.2,1047.30 4 1
fileproc/fileproc.go:1047.30,1049.3 1 1
fileproc/fileproc.go:1051.2,1052.30 2 1
fileproc/fileproc.go:1052.30,1054.3 1 1
fileproc/fileproc.go:1057.2,1058.30 2 1
fileproc/fileproc.go:1058.30,1060.3 1 1
fileproc/fileproc.go:1062.2,1063.30 2 1
fileproc/fileproc.go:1063.30,1065.3 1 1
fileproc/fileproc.go:1067.2,1067.25 1 1
fileproc/fileproc.go:1070.172,1071.6 1 1
fileproc/fileproc.go:1071.6,1072.23 1 1
fileproc/fileproc.go:1072.23,1074.4 1 0
fileproc/fileproc.go:1076.3,1077.35 2 1
fileproc/fileproc.go:1077.35,1079.4 1 1
fileproc/fileproc.go:1081.3,1081.17 1 1
fileproc/fileproc.go:1081.17,1082.12 1 1
fileproc/fileproc.go:1085.3,1085.29 1 1
fileproc/fileproc.go:1085.29,1087.4 1 1
fileproc/fileproc.go:1089.3,1089.20 1 0
fileproc/fileproc.go:1124.126,1126.29 2 1
fileproc/fileproc.go:1126.29,1128.3 1 1
fileproc/fileproc.go:1130.2,1131.16 2 1
fileproc/fileproc.go:1131.16,1133.33 2 0
fileproc/fileproc.go:1133.33,1135.4 1 0
fileproc/fileproc.go:1137.3,1137.18 1 0
fileproc/fileproc.go:1140.2,1156.28 4 1
fileproc/fileproc.go:1156.28,1157.17 1 0
fileproc/fileproc.go:1157.17,1159.4 1 0
fileproc/fileproc.go:1161.3,1165.14 3 0
fileproc/fileproc.go:1168.2,1170.46 2 1
fileproc/fileproc.go:1170.46,1171.10 1 1
fileproc/fileproc.go:1172.36,1175.16 2 1
fileproc/fileproc.go:1176.21,1177.14 1 0
fileproc/fileproc.go:1178.21,1179.14 1 0
fileproc/fileproc.go:1183.2,1183.37 1 1
fileproc/fileproc.go:1183.37,1186.10 2 1
fileproc/fileproc.go:1187.34,1187.34 0 1
fileproc/fileproc.go:1188.11,1188.11 0 0
fileproc/fileproc.go:1192.2,1192.43 1 1
fileproc/fileproc.go:1192.43,1193.19 1 1
fileproc/fileproc.go:1193.19,1195.4 1 0
fileproc/fileproc.go:1197.3,1197.28 1 1
fileproc/fileproc.go:1197.28,1201.4 2 1
fileproc/fileproc.go:1203.3,1203.10 1 1
fileproc/fileproc.go:1204.24,1205.15 1 1
fileproc/fileproc.go:1206.21,1209.16 2 0
fileproc/fileproc.go:1210.21,1213.16 2 0
fileproc/fileproc.go:1217.2,1218.23 2 1
fileproc/fileproc.go:1218.23,1223.28 3 1
fileproc/fileproc.go:1223.28,1225.20 2 1
fileproc/fileproc.go:1225.20,1227.5 1 0
fileproc/fileproc.go:1229.4,1229.35 1 1
fileproc/fileproc.go:1229.35,1231.5 1 1
fileproc/fileproc.go:1233.4,1233.25 1 1
fileproc/fileproc.go:1233.25,1235.5 1 0
fileproc/fileproc.go:1238.3,1238.7 1 1
fileproc/fileproc.go:1238.7,1239.24 1 1
fileproc/fileproc.go:1239.24,1241.5 1 0
fileproc/fileproc.go:1243.4,1244.20 2 1
fileproc/fileproc.go:1244.20,1246.5 1 0
fileproc/fileproc.go:1248.4,1250.25 2 1
fileproc/fileproc.go:1250.25,1252.5 1 0
fileproc/fileproc.go:1254.4,1254.18 1 1
fileproc/fileproc.go:1254.18,1255.13 1 0
fileproc/fileproc.go:1258.4,1258.30 1 1
fileproc/fileproc.go:1258.30,1260.5 1 1
fileproc/fileproc.go:1262.4,1263.34 2 0
fileproc/fileproc.go:1263.34,1265.5 1 0
fileproc/fileproc.go:1267.4,1267.10 1 0
fileproc/fileproc.go:1271.2,1271.12 1 1
fileproc/fileproc.go:1271.12,1274.16 2 1
fileproc/fileproc.go:1274.16,1281.4 4 1
fileproc/fileproc.go:1283.3,1285.29 2 1
fileproc/fileproc.go:1285.29,1286.24 1 1
fileproc/fileproc.go:1286.24,1289.13 2 0
fileproc/fileproc.go:1292.4,1292.11 1 1
fileproc/fileproc.go:1292.11,1296.5 2 1
fileproc/fileproc.go:1300.2,1303.25 3 1
fileproc/fileproc.go:1310.41,1311.24 1 1
fileproc/fileproc.go:1311.24,1313.3 1 1
fileproc/fileproc.go:1315.2,1315.34 1 1
fileproc/fileproc.go:1315.34,1317.3 1 1
fileproc/fileproc.go:1319.2,1319.13 1 1
fileproc/fileproc.go:1322.27,1326.2 2 1
fileproc/fileproc.go:1335.31,1337.2 1 1
fileproc/fileproc.go:1441.43,1444.51 1 1
fileproc/fileproc.go:1444.51,1446.3 1 1
fileproc/fileproc.go:1446.8,1448.3 1 1
fileproc/fileproc.go:1459.2,1460.45 2 1
fileproc/fileproc.go:1460.45,1462.3 1 1
fileproc/fileproc.go:1462.8,1464.3 1 1
fileproc/fileproc.go:1472.43,1476.2 3 1
fileproc/fileproc.go:1480.31,1481.20 1 1
fileproc/fileproc.go:1481.20,1483.3 1 0
fileproc/fileproc.go:1485.2,1485.22 1 1
fileproc/fileproc.go:1494.75,1496.21 2 1
fileproc/fileproc.go:1496.21,1500.46 3 1
fileproc/fileproc.go:1500.46,1502.4 1 1
fileproc/fileproc.go:1505.2,1507.12 2 1
fileproc/fileproc.go:1523.86,1524.20 1 1
fileproc/fileproc.go:1524.20,1526.3 1 1
fileproc/fileproc.go:1528.2,1528.39 1 1
fileproc/fileproc.go:1533.45,1534.34 1 1
fileproc/fileproc.go:1534.34,1536.3 1 1
fileproc/fileproc.go:1538.2,1543.43 5 1
fileproc/fileproc.go:1548.51,1549.34 1 1
fileproc/fileproc.go:1549.34,1551.3 1 1
fileproc/fileproc.go:1553.2,1558.43 5 1
fileproc/fileproc.go:1563.35,1569.2 4 1
fileproc/fileproc.go:1573.31,1574.36 1 1
fileproc/fileproc.go:1574.36,1576.3 1 1
fileproc/fileproc.go:1578.2,1578.18 1 0
fileproc/fileproc.go:1583.48,1586.41 2 1
fileproc/fileproc.go:1586.41,1588.3 1 1
fileproc/fileproc.go:1590.2,1598.17 4 1
fileproc/fileproc.go:1598.17,1600.33 2 1
fileproc/fileproc.go:1600.33,1602.4 1 1
fileproc/fileproc.go:1605.2,1608.15 3 1
fileproc/fileproc_batch_helpers.go:16.55,17.18 1 1
fileproc/fileproc_batch_helpers.go:17.18,19.3 1 1
fileproc/fileproc_batch_helpers.go:21.2,21.29 1 1
fileproc/fileproc_batch_helpers.go:21.29,23.3 1 0
fileproc/fileproc_batch_helpers.go:25.2,26.29 2 1
fileproc/fileproc_batch_helpers.go:26.29,27.33 1 1
fileproc/fileproc_batch_helpers.go:27.33,29.4 1 1
fileproc/fileproc_batch_helpers.go:32.2,32.13 1 1
fileproc/fileproc_batch_helpers.go:38.46,43.2 4 1
fileproc/fileproc_reader.go:81.54,82.19 1 1
fileproc/fileproc_reader.go:82.19,84.3 1 0
fileproc/fileproc_reader.go:86.2,86.27 1 1
fileproc/fileproc_reader.go:86.27,91.3 3 1
fileproc/fileproc_reader.go:93.2,93.25 1 1
fileproc/fileproc_reader.go:93.25,98.3 3 0
fileproc/fileproc_reader.go:100.2,100.23 1 1
fileproc/fileproc_reader.go:103.78,108.2 4 1
fileproc/fileproc_reader.go:125.123,129.2 2 1
fileproc/fileproc_workers.go:84.26,88.16 3 1
fileproc/fileproc_workers.go:88.16,90.25 2 0
fileproc/fileproc_workers.go:90.25,92.4 1 0
fileproc/fileproc_workers.go:94.3,95.28 2 0
fileproc/fileproc_workers.go:95.28,97.4 1 0
fileproc/fileproc_workers.go:99.3,99.18 1 0
fileproc/fileproc_workers.go:102.2,102.15 1 1
fileproc/fileproc_workers.go:102.15,102.39 1 1
fileproc/fileproc_workers.go:104.2,109.16 4 1
fileproc/fileproc_workers.go:110.21,115.4 1 1
fileproc/fileproc_workers.go:116.22,121.4 1 1
fileproc/fileproc_workers.go:124.2,140.25 6 1
fileproc/fileproc_workers.go:158.3,159.44 1 1
fileproc/fileproc_workers.go:159.44,164.3 3 1
fileproc/fileproc_workers.go:166.2,168.54 2 1
fileproc/fileproc_workers.go:168.54,169.24 1 1
fileproc/fileproc_workers.go:169.24,171.4 1 0
fileproc/fileproc_workers.go:173.3,174.25 2 1
fileproc/fileproc_workers.go:174.25,176.4 1 1
fileproc/fileproc_workers.go:176.9,178.4 1 1
fileproc/fileproc_workers.go:180.3,180.25 1 1
fileproc/fileproc_workers.go:180.25,182.4 1 1
fileproc/fileproc_workers.go:182.9,184.4 1 1
fileproc/fileproc_workers.go:186.3,186.20 1 1
fileproc/fileproc_workers.go:189.2,189.44 1 1
fileproc/fileproc_workers.go:189.44,189.70 1 1
fileproc/fileproc_workers.go:191.2,198.15 2 1
fileproc/fileproc_workers.go:198.15,199.47 1 1
fileproc/fileproc_workers.go:199.47,200.14 1 1
fileproc/fileproc_workers.go:200.14,202.5 1 1
fileproc/fileproc_workers.go:204.4,204.20 1 1
fileproc/fileproc_workers.go:208.2,208.29 1 1
fileproc/fileproc_workers.go:208.29,209.23 1 1
fileproc/fileproc_workers.go:209.23,211.4 1 1
fileproc/fileproc_workers.go:213.3,213.25 1 1
fileproc/fileproc_workers.go:213.25,214.12 1 0
fileproc/fileproc_workers.go:217.3,221.25 3 1
fileproc/fileproc_workers.go:221.25,224.4 2 1
fileproc/fileproc_workers.go:224.9,226.4 1 1
fileproc/fileproc_workers.go:228.3,229.17 2 1
fileproc/fileproc_workers.go:229.17,231.37 1 1
fileproc/fileproc_workers.go:231.37,232.13 1 0
fileproc/fileproc_workers.go:235.4,236.33 2 1
fileproc/fileproc_workers.go:236.33,238.5 1 1
fileproc/fileproc_workers.go:240.4,240.24 1 1
fileproc/fileproc_workers.go:240.24,242.5 1 0
fileproc/fileproc_workers.go:244.4,244.12 1 1
fileproc/fileproc_workers.go:247.3,250.19 3 1
fileproc/fileproc_workers.go:251.22,257.13 4 1
fileproc/fileproc_workers.go:257.13,258.13 1 0
fileproc/fileproc_workers.go:261.4,261.22 1 1
fileproc/fileproc_workers.go:261.22,263.34 2 0
fileproc/fileproc_workers.go:263.34,265.6 1 0
fileproc/fileproc_workers.go:267.5,267.25 1 0
fileproc/fileproc_workers.go:267.25,269.6 1 0
fileproc/fileproc_workers.go:271.5,271.13 1 0
fileproc/fileproc_workers.go:274.4,274.23 1 1
fileproc/fileproc_workers.go:274.23,276.34 2 0
fileproc/fileproc_workers.go:276.34,278.6 1 0
fileproc/fileproc_workers.go:280.5,280.25 1 0
fileproc/fileproc_workers.go:280.25,282.6 1 0
fileproc/fileproc_workers.go:285.4,286.20 2 1
fileproc/fileproc_workers.go:286.20,288.42 2 1
fileproc/fileproc_workers.go:288.42,290.6 1 1
fileproc/fileproc_workers.go:292.5,292.25 1 1
fileproc/fileproc_workers.go:292.25,294.6 1 0
fileproc/fileproc_workers.go:296.5,296.13 1 1
fileproc/fileproc_workers.go:299.4,299.18 1 1
fileproc/fileproc_workers.go:299.18,301.5 1 1
fileproc/fileproc_workers.go:303.23,306.13 2 1
fileproc/fileproc_workers.go:306.13,310.13 3 0
fileproc/fileproc_workers.go:313.4,313.22 1 1
fileproc/fileproc_workers.go:313.22,318.34 4 0
fileproc/fileproc_workers.go:318.34,320.6 1 0
fileproc/fileproc_workers.go:322.5,322.25 1 0
fileproc/fileproc_workers.go:322.25,324.6 1 0
fileproc/fileproc_workers.go:326.5,326.13 1 0
fileproc/fileproc_workers.go:329.4,336.23 5 1
fileproc/fileproc_workers.go:336.23,338.34 2 0
fileproc/fileproc_workers.go:338.34,340.6 1 0
fileproc/fileproc_workers.go:342.5,342.25 1 0
fileproc/fileproc_workers.go:342.25,344.6 1 0
fileproc/fileproc_workers.go:347.4,347.20 1 1
fileproc/fileproc_workers.go:347.20,349.42 2 1
fileproc/fileproc_workers.go:349.42,351.6 1 1
fileproc/fileproc_workers.go:353.5,353.25 1 1
fileproc/fileproc_workers.go:353.25,355.6 1 0
fileproc/fileproc_workers.go:357.5,357.13 1 1
fileproc/fileproc_workers.go:360.4,360.18 1 1
fileproc/fileproc_workers.go:360.18,362.5 1 1
fileproc/fileproc_workers.go:371.111,373.29 2 1
fileproc/fileproc_workers.go:373.29,375.3 1 0
fileproc/fileproc_workers.go:377.2,378.16 2 1
fileproc/fileproc_workers.go:378.16,380.33 2 0
fileproc/fileproc_workers.go:380.33,382.4 1 0
fileproc/fileproc_workers.go:384.3,384.18 1 0
fileproc/fileproc_workers.go:387.2,411.23 12 1
fileproc/fileproc_workers.go:411.23,413.3 1 1
fileproc/fileproc_workers.go:415.2,423.28 3 1
fileproc/fileproc_workers.go:423.28,424.17 1 0
fileproc/fileproc_workers.go:424.17,426.4 1 0
fileproc/fileproc_workers.go:428.3,432.14 3 0
fileproc/fileproc_workers.go:435.2,437.46 2 1
fileproc/fileproc_workers.go:437.46,438.10 1 1
fileproc/fileproc_workers.go:439.31,442.16 2 1
fileproc/fileproc_workers.go:443.21,444.14 1 0
fileproc/fileproc_workers.go:445.22,446.14 1 0
fileproc/fileproc_workers.go:450.2,450.37 1 1
fileproc/fileproc_workers.go:450.37,453.10 2 1
fileproc/fileproc_workers.go:454.29,454.29 0 1
fileproc/fileproc_workers.go:455.11,455.11 0 0
fileproc/fileproc_workers.go:459.2,459.43 1 1
fileproc/fileproc_workers.go:459.43,460.19 1 1
fileproc/fileproc_workers.go:460.19,462.4 1 0
fileproc/fileproc_workers.go:464.3,464.28 1 1
fileproc/fileproc_workers.go:464.28,468.4 2 1
fileproc/fileproc_workers.go:470.3,470.10 1 1
fileproc/fileproc_workers.go:471.24,472.15 1 1
fileproc/fileproc_workers.go:473.21,476.16 2 0
fileproc/fileproc_workers.go:477.22,480.16 2 0
fileproc/fileproc_workers.go:484.2,486.23 2 1
fileproc/fileproc_workers.go:486.23,491.23 3 1
fileproc/fileproc_workers.go:491.23,493.20 2 1
fileproc/fileproc_workers.go:493.20,495.5 1 0
fileproc/fileproc_workers.go:497.4,497.30 1 1
fileproc/fileproc_workers.go:497.30,499.5 1 1
fileproc/fileproc_workers.go:501.4,501.25 1 1
fileproc/fileproc_workers.go:501.25,503.5 1 0
fileproc/fileproc_workers.go:506.3,506.7 1 1
fileproc/fileproc_workers.go:506.7,507.24 1 1
fileproc/fileproc_workers.go:507.24,509.5 1 0
fileproc/fileproc_workers.go:511.4,512.20 2 1
fileproc/fileproc_workers.go:512.20,514.5 1 0
fileproc/fileproc_workers.go:516.4,518.25 2 1
fileproc/fileproc_workers.go:518.25,520.5 1 0
fileproc/fileproc_workers.go:522.4,522.18 1 1
fileproc/fileproc_workers.go:522.18,523.13 1 1
fileproc/fileproc_workers.go:526.4,526.30 1 1
fileproc/fileproc_workers.go:526.30,528.5 1 1
fileproc/fileproc_workers.go:530.4,531.29 2 0
fileproc/fileproc_workers.go:531.29,533.5 1 0
fileproc/fileproc_workers.go:535.4,535.10 1 0
fileproc/fileproc_workers.go:539.2,539.19 1 1
fileproc/fileproc_workers.go:539.19,544.19 3 1
fileproc/fileproc_workers.go:545.22,549.5 1 1
fileproc/fileproc_workers.go:550.23,554.5 1 1
fileproc/fileproc_workers.go:557.3,561.16 3 1
fileproc/fileproc_workers.go:561.16,568.4 4 1
fileproc/fileproc_workers.go:570.3,572.7 2 1
fileproc/fileproc_workers.go:572.7,573.11 1 1
fileproc/fileproc_workers.go:574.22,575.11 1 1
fileproc/fileproc_workers.go:576.31,577.12 1 1
fileproc/fileproc_workers.go:577.12,579.6 1 1
fileproc/fileproc_workers.go:581.5,581.12 1 1
fileproc/fileproc_workers.go:581.12,585.6 2 1
fileproc/fileproc_workers.go:590.2,593.25 3 1
fileproc/fileproc_workers.go:593.25,594.13 1 1
fileproc/fileproc_workers.go:594.13,598.4 2 1
fileproc/fileproc_workers.go:601.2,601.12 1 1
fileproc/fileproc_workers.go:601.12,604.3 2 1
fileproc/fileproc_workers.go:606.2,609.25 3 1
fileproc/io_linux.go:34.50,36.6 1 1
fileproc/io_linux.go:36.6,44.29 2 1
fileproc/io_linux.go:44.29,45.12 1 0
fileproc/io_linux.go:48.3,48.17 1 1
fileproc/io_linux.go:48.17,50.4 1 1
fileproc/io_linux.go:52.3,52.22 1 1
fileproc/io_linux.go:90.60,91.6 1 1
fileproc/io_linux.go:91.6,99.29 2 1
fileproc/io_linux.go:99.29,100.12 1 0
fileproc/io_linux.go:103.3,103.17 1 1
fileproc/io_linux.go:103.17,105.4 1 1
fileproc/io_linux.go:107.3,107.41 1 1
fileproc/io_linux.go:111.44,112.14 1 1
fileproc/io_linux.go:112.14,114.3 1 0
fileproc/io_linux.go:117.2,118.16 2 1
fileproc/io_linux.go:118.16,120.3 1 0
fileproc/io_linux.go:122.2,122.12 1 1
fileproc/io_linux.go:132.120,138.6 2 1
fileproc/io_linux.go:138.6,140.27 2 1
fileproc/io_linux.go:140.27,141.12 1 0
fileproc/io_linux.go:144.3,144.8 1 1
fileproc/io_linux.go:147.2,147.16 1 1
fileproc/io_linux.go:147.16,149.3 1 0
fileproc/io_linux.go:151.2,151.15 1 1
fileproc/io_linux.go:151.15,153.3 1 1
fileproc/io_linux.go:155.2,156.20 2 1
fileproc/io_linux.go:156.20,157.32 1 1
fileproc/io_linux.go:157.32,159.4 1 0
fileproc/io_linux.go:161.3,162.51 2 1
fileproc/io_linux.go:162.51,164.4 1 0
fileproc/io_linux.go:166.3,171.31 4 1
fileproc/io_linux.go:171.31,172.14 1 1
fileproc/io_linux.go:172.14,175.10 2 1
fileproc/io_linux.go:179.3,179.51 1 1
fileproc/io_linux.go:179.51,180.12 1 1
fileproc/io_linux.go:183.3,185.20 2 1
fileproc/io_linux.go:186.23,187.27 1 1
fileproc/io_linux.go:187.27,189.5 1 1
fileproc/io_linux.go:191.23,192.36 1 1
fileproc/io_linux.go:192.36,194.5 1 1
fileproc/io_linux.go:196.27,198.22 2 0
fileproc/io_linux.go:198.22,200.10 1 0
fileproc/io_linux.go:203.4,203.22 1 0
fileproc/io_linux.go:203.22,204.10 1 0
fileproc/io_linux.go:207.4,207.18 1 0
fileproc/io_linux.go:207.18,208.28 1 0
fileproc/io_linux.go:208.28,210.6 1 0
fileproc/io_linux.go:212.5,212.10 1 0
fileproc/io_linux.go:215.4,215.50 1 0
fileproc/io_linux.go:215.50,217.5 1 0
fileproc/io_linux.go:219.11,219.11 0 1
fileproc/io_linux.go:224.2,224.12 1 1
fileproc/io_linux.go:227.35,228.38 1 1
fileproc/io_linux.go:228.38,230.3 1 1
fileproc/io_linux.go:232.2,232.59 1 1
fileproc/io_linux.go:244.65,249.6 3 0
fileproc/io_linux.go:249.6,251.36 2 0
fileproc/io_linux.go:251.36,252.12 1 0
fileproc/io_linux.go:255.3,255.17 1 0
fileproc/io_linux.go:255.17,257.4 1 0
fileproc/io_linux.go:259.3,259.8 1 0
fileproc/io_linux.go:262.2,264.31 2 0
fileproc/io_linux.go:265.20,266.19 1 0
fileproc/io_linux.go:267.20,268.19 1 0
fileproc/io_linux.go:269.20,270.23 1 0
fileproc/io_linux.go:273.2,273.17 1 0
fileproc/io_linux.go:297.46,298.6 1 1
fileproc/io_linux.go:298.6,306.29 2 1
fileproc/io_linux.go:306.29,307.12 1 0
fileproc/io_linux.go:310.3,310.17 1 1
fileproc/io_linux.go:310.17,312.4 1 0
fileproc/io_linux.go:314.3,314.51 1 1
fileproc/io_linux.go:320.72,322.2 1 1
fileproc/io_linux.go:324.40,325.27 1 1
fileproc/io_linux.go:325.27,327.3 1 0
fileproc/io_linux.go:329.2,330.16 2 1
fileproc/io_linux.go:330.16,332.3 1 0
fileproc/io_linux.go:334.2,334.12 1 1
fileproc/io_linux.go:337.62,338.20 1 1
fileproc/io_linux.go:338.20,340.3 1 0
fileproc/io_linux.go:342.2,343.16 2 1
fileproc/io_linux.go:343.16,345.3 1 1
fileproc/io_linux.go:347.2,347.32 1 1
fileproc/io_linux.go:351.51,352.19 1 1
fileproc/io_linux.go:352.19,354.3 1 0
fileproc/io_linux.go:356.2,360.6 2 1
fileproc/io_linux.go:360.6,362.27 2 1
fileproc/io_linux.go:362.27,363.12 1 0
fileproc/io_linux.go:366.3,366.8 1 1
fileproc/io_linux.go:369.2,369.16 1 1
fileproc/io_linux.go:369.16,371.3 1 0
fileproc/io_linux.go:373.2,373.20 1 1
fileproc/io_linux.go:373.20,375.3 1 1
fileproc/io_linux.go:377.2,377.23 1 1
fileproc/io_linux.go:380.61,385.6 2 1
fileproc/io_linux.go:385.6,387.27 2 1
fileproc/io_linux.go:387.27,388.12 1 0
fileproc/io_linux.go:391.3,391.8 1 1
fileproc/io_linux.go:394.2,394.27 1 1
fileproc/io_linux.go:394.27,396.3 1 0
fileproc/io_linux.go:398.2,398.16 1 1
fileproc/io_linux.go:398.16,400.3 1 0
fileproc/io_linux.go:402.2,402.30 1 1
fileproc/io_linux.go:405.41,406.14 1 1
fileproc/io_linux.go:406.14,408.3 1 0
fileproc/io_linux.go:410.2,411.16 2 1
fileproc/io_linux.go:411.16,413.3 1 0
fileproc/io_linux.go:415.2,415.12 1 1
